<?xml version="1.0" encoding="UTF-8"?>
<!-- Generated by org.testng.reporters.JUnitXMLReporter -->
<testsuite hostname="SCS-J35" ignored="0" name="Test" tests="2" failures="2" timestamp="26 Nov 2018 08:33:20 GMT" time="143.933" errors="0">
  <testcase name="VerifyViewMemberPageLISTest" time="65.053" classname="com.voyager.qa.testcases.LisUpdatePageTest">
    <failure type="java.lang.AssertionError" message="LISupdate is not successfull expected [false] but found [true]">
      <![CDATA[java.lang.AssertionError: LISupdate is not successfull expected [false] but found [true]
at com.voyager.qa.testcases.LisUpdatePageTest.VerifyViewMemberPageLISTest(LisUpdatePageTest.java:64)
... Removed 30 stack frames]]>
    </failure>
  </testcase> <!-- VerifyViewMemberPageLISTest -->
  <testcase name="VerifyViewMemberPageTest" time="24.915" classname="com.voyager.qa.testcases.PWOUpdatePageTest">
    <failure type="org.openqa.selenium.ElementClickInterceptedException" message="Element &amp;lt;a href=&amp;quot;#status&amp;quot;&amp;gt; is not clickable at point (635,631.6333541870117) because another element &amp;lt;div class=&amp;quot;main-container voyager&amp;quot;&amp;gt; obscures it
Build info: version: &amp;apos;3.14.0&amp;apos;, revision: &amp;apos;aacccce0&amp;apos;, time: &amp;apos;2018-08-02T20:05:20.749Z&amp;apos;
System info: host: &amp;apos;SCS-J35&amp;apos;, ip: &amp;apos;10.0.3.76&amp;apos;, os.name: &amp;apos;Windows 7&amp;apos;, os.arch: &amp;apos;amd64&amp;apos;, os.version: &amp;apos;6.1&amp;apos;, java.version: &amp;apos;1.8.0_181&amp;apos;
Driver info: org.openqa.selenium.firefox.FirefoxDriver
Capabilities {acceptInsecureCerts: true, browserName: firefox, browserVersion: 62.0, javascriptEnabled: true, moz:accessibilityChecks: false, moz:headless: false, moz:processID: 4176, moz:profile: D:\Temp\rust_mozprofile.lDp..., moz:useNonSpecCompliantPointerOrigin: false, moz:webdriverClick: true, pageLoadStrategy: normal, platform: XP, platformName: XP, platformVersion: 6.1, rotatable: false, timeouts: {implicit: 0, pageLoad: 300000, script: 30000}}
Session ID: aedb247d-0017-4303-aa76-786a5ba45f6c">
      <![CDATA[org.openqa.selenium.ElementClickInterceptedException: Element <a href="#status"> is not clickable at point (635,631.6333541870117) because another element <div class="main-container voyager"> obscures it
Build info: version: '3.14.0', revision: 'aacccce0', time: '2018-08-02T20:05:20.749Z'
System info: host: 'SCS-J35', ip: '10.0.3.76', os.name: 'Windows 7', os.arch: 'amd64', os.version: '6.1', java.version: '1.8.0_181'
Driver info: org.openqa.selenium.firefox.FirefoxDriver
Capabilities {acceptInsecureCerts: true, browserName: firefox, browserVersion: 62.0, javascriptEnabled: true, moz:accessibilityChecks: false, moz:headless: false, moz:processID: 4176, moz:profile: D:\Temp\rust_mozprofile.lDp..., moz:useNonSpecCompliantPointerOrigin: false, moz:webdriverClick: true, pageLoadStrategy: normal, platform: XP, platformName: XP, platformVersion: 6.1, rotatable: false, timeouts: {implicit: 0, pageLoad: 300000, script: 30000}}
Session ID: aedb247d-0017-4303-aa76-786a5ba45f6c
at org.openqa.selenium.remote.http.W3CHttpResponseCodec.createException(W3CHttpResponseCodec.java:187)
at org.openqa.selenium.remote.http.W3CHttpResponseCodec.decode(W3CHttpResponseCodec.java:122)
at org.openqa.selenium.remote.http.W3CHttpResponseCodec.decode(W3CHttpResponseCodec.java:49)
at org.openqa.selenium.remote.HttpCommandExecutor.execute(HttpCommandExecutor.java:158)
at org.openqa.selenium.remote.service.DriverCommandExecutor.execute(DriverCommandExecutor.java:83)
at org.openqa.selenium.remote.RemoteWebDriver.execute(RemoteWebDriver.java:548)
at org.openqa.selenium.remote.RemoteWebElement.execute(RemoteWebElement.java:276)
at org.openqa.selenium.remote.RemoteWebElement.click(RemoteWebElement.java:83)
at org.openqa.selenium.support.events.EventFiringWebDriver$EventFiringWebElement.lambda$new$0(EventFiringWebDriver.java:403)
at com.sun.proxy.$Proxy13.click(Unknown Source)
at org.openqa.selenium.support.events.EventFiringWebDriver$EventFiringWebElement.click(EventFiringWebDriver.java:416)
at org.openqa.selenium.support.pagefactory.internal.LocatingElementHandler.invoke(LocatingElementHandler.java:51)
at com.sun.proxy.$Proxy12.click(Unknown Source)
at com.voyager.qa.pages.ViewMemberDetailsPage.VefifyPremiumWithholdOptionPage(ViewMemberDetailsPage.java:308)
at com.voyager.qa.testcases.PWOUpdatePageTest.VerifyViewMemberPageTest(PWOUpdatePageTest.java:61)
... Removed 35 stack frames]]>
    </failure>
  </testcase> <!-- VerifyViewMemberPageTest -->
</testsuite> <!-- Test -->
